[run.sh] Starting full pipeline run at 2025-12-14T10:35:31+00:00
Running data processing...
2025-12-14 10:35:32,165 - INFO - Starting download from: https://bmeedu-my.sharepoint.com/:u:/g/personal/gyires-toth_balint_vik_bme_hu/IQCPx-aGyYgLTYeUnwMncbknAaI2NMSz4DnbS13UYvMQIOI?download=1 ...
2025-12-14 10:35:33,847 - INFO - Download complete! Size: 45.08 MB
2025-12-14 10:35:33,847 - INFO - Unzipping in progress...
2025-12-14 10:35:36,107 - INFO - Successfully extracted to: /app/data
2025-12-14 10:35:36,113 - INFO - Temporary files deleted.
2025-12-14 10:35:36,122 - INFO - Processing folder: AY1PC8 (Found JSON: AY1PC8.json)
2025-12-14 10:35:36,334 - INFO - Processing folder: GFTYRV (Found JSON: GFTYRV.json)
2025-12-14 10:35:36,579 - INFO - Processing folder: J2QIYD (Found JSON: J2QIYD.json)
2025-12-14 10:35:36,986 - INFO - Processing folder: LMIRPG (Found JSON: LMIRPG.json)
2025-12-14 10:35:38,876 - INFO - Processing folder: XOBJYX (Found JSON: XOBJYX.json)
2025-12-14 10:35:39,026 - INFO - Processing folder: YH6M5S (Found JSON: YH6M5S.json)
2025-12-14 10:35:39,180 - INFO - Processing Complete!
2025-12-14 10:35:39,180 - INFO - Total Samples: 319
2025-12-14 10:35:39,189 - INFO - Saved to: /app/data/processed_data.npz
Running model training...
2025-12-14 10:35:40,414 - INFO - --- Training Process Started ---
2025-12-14 10:35:40,414 - INFO - ==================================================
2025-12-14 10:35:40,414 - INFO - CONFIGURATION (Hyperparameters)
2025-12-14 10:35:40,414 - INFO - ==================================================
2025-12-14 10:35:40,414 - INFO - EPOCHS:            200
2025-12-14 10:35:40,414 - INFO - BATCH_SIZE:        16
2025-12-14 10:35:40,415 - INFO - LEARNING_RATE:     0.0008
2025-12-14 10:35:40,415 - INFO - WEIGHT_DECAY:      1e-05
2025-12-14 10:35:40,415 - INFO - DROPOUT_RATE:      0.15
2025-12-14 10:35:40,415 - INFO - SEQ_LENGTH:        80
2025-12-14 10:35:40,415 - INFO - NUM_FEATURES:      4
2025-12-14 10:35:40,415 - INFO - NUM_CLASSES:       6
2025-12-14 10:35:40,415 - INFO - EARLY_STOP_PAT:    40
2025-12-14 10:35:40,415 - INFO - LR_PATIENCE:       10
2025-12-14 10:35:40,415 - INFO - MAX_GRAD_NORM:     5.0
2025-12-14 10:35:40,415 - INFO - --------------------------------------------------
2025-12-14 10:35:40,417 - INFO - Loading processed data...
2025-12-14 10:35:40,427 - INFO - Data Loaded Successfully. Total Samples: 319
2025-12-14 10:35:40,427 - INFO - Input Shape: torch.Size([319, 80, 4])
2025-12-14 10:35:40,428 - INFO - Train Set: 255 samples | Validation Set: 64 samples
2025-12-14 10:35:41,044 - INFO - Training on device: cuda
2025-12-14 10:35:41,184 - INFO - ==================================================
2025-12-14 10:35:41,184 - INFO - MODEL ARCHITECTURE SUMMARY
2025-12-14 10:35:41,184 - INFO - ==================================================
2025-12-14 10:35:41,184 - INFO - FlagClassifier(
  (conv_layer): Sequential(
    (0): Conv1d(4, 32, kernel_size=(5,), stride=(1,), padding=(2,))
    (1): BatchNorm1d(32, eps=1e-05, momentum=0.1, affine=True, track_running_stats=True)
    (2): ReLU()
    (3): MaxPool1d(kernel_size=2, stride=2, padding=0, dilation=1, ceil_mode=False)
    (4): Dropout(p=0.2, inplace=False)
    (5): Conv1d(32, 64, kernel_size=(5,), stride=(1,), padding=(2,))
    (6): BatchNorm1d(64, eps=1e-05, momentum=0.1, affine=True, track_running_stats=True)
    (7): ReLU()
    (8): MaxPool1d(kernel_size=2, stride=2, padding=0, dilation=1, ceil_mode=False)
    (9): Dropout(p=0.2, inplace=False)
    (10): Conv1d(64, 64, kernel_size=(3,), stride=(1,), padding=(1,))
    (11): BatchNorm1d(64, eps=1e-05, momentum=0.1, affine=True, track_running_stats=True)
    (12): ReLU()
    (13): MaxPool1d(kernel_size=2, stride=2, padding=0, dilation=1, ceil_mode=False)
    (14): Dropout(p=0.2, inplace=False)
  )
  (fc_layer): Sequential(
    (0): Flatten(start_dim=1, end_dim=-1)
    (1): Linear(in_features=640, out_features=128, bias=True)
    (2): ReLU()
    (3): Dropout(p=0.15, inplace=False)
    (4): Linear(in_features=128, out_features=6, bias=True)
  )
)
2025-12-14 10:35:41,184 - INFO - --------------------------------------------------
2025-12-14 10:35:41,184 - INFO - Total Parameters:         106,470
2025-12-14 10:35:41,184 - INFO - Trainable Parameters:     106,470
2025-12-14 10:35:41,184 - INFO - Non-trainable Parameters: 0
2025-12-14 10:35:41,184 - INFO - ==================================================
2025-12-14 10:35:41,276 - INFO - Class Weights calculated for imbalance handling: [0.67460316 1.7708334  1.1486486  0.60714287 1.7        1.1805556 ]
2025-12-14 10:35:41,689 - INFO - ==================================================
2025-12-14 10:35:41,689 - INFO - TRAINING PROGRESS
2025-12-14 10:35:41,689 - INFO - ==================================================
2025-12-14 10:35:42,128 - INFO - Epoch [1/200] Train Loss: 1.7517 Acc: 27.84% | Val Loss: 1.7920 Acc: 9.38%
2025-12-14 10:35:42,132 - INFO -  > Best model saved (1.7920).
2025-12-14 10:35:42,192 - INFO - Epoch [2/200] Train Loss: 1.5725 Acc: 29.02% | Val Loss: 1.7809 Acc: 10.94%
2025-12-14 10:35:42,196 - INFO -  > Best model saved (1.7809).
2025-12-14 10:35:42,256 - INFO - Epoch [3/200] Train Loss: 1.5034 Acc: 31.37% | Val Loss: 1.7114 Acc: 23.44%
2025-12-14 10:35:42,258 - INFO -  > Best model saved (1.7114).
2025-12-14 10:35:42,317 - INFO - Epoch [4/200] Train Loss: 1.4484 Acc: 37.25% | Val Loss: 1.5719 Acc: 18.75%
2025-12-14 10:35:42,320 - INFO -  > Best model saved (1.5719).
2025-12-14 10:35:42,379 - INFO - Epoch [5/200] Train Loss: 1.4786 Acc: 29.41% | Val Loss: 1.4824 Acc: 20.31%
2025-12-14 10:35:42,382 - INFO -  > Best model saved (1.4824).
2025-12-14 10:35:42,443 - INFO - Epoch [6/200] Train Loss: 1.4170 Acc: 33.33% | Val Loss: 1.4770 Acc: 18.75%
2025-12-14 10:35:42,446 - INFO -  > Best model saved (1.4770).
2025-12-14 10:35:42,508 - INFO - Epoch [7/200] Train Loss: 1.4242 Acc: 34.90% | Val Loss: 1.5131 Acc: 23.44%
2025-12-14 10:35:42,568 - INFO - Epoch [8/200] Train Loss: 1.4101 Acc: 27.84% | Val Loss: 1.4922 Acc: 15.62%
2025-12-14 10:35:42,628 - INFO - Epoch [9/200] Train Loss: 1.3452 Acc: 29.02% | Val Loss: 1.3813 Acc: 35.94%
2025-12-14 10:35:42,630 - INFO -  > Best model saved (1.3813).
2025-12-14 10:35:42,690 - INFO - Epoch [10/200] Train Loss: 1.3247 Acc: 35.29% | Val Loss: 1.3817 Acc: 26.56%
2025-12-14 10:35:42,751 - INFO - Epoch [11/200] Train Loss: 1.4115 Acc: 30.98% | Val Loss: 1.4803 Acc: 51.56%
2025-12-14 10:35:42,810 - INFO - Epoch [12/200] Train Loss: 1.3840 Acc: 39.22% | Val Loss: 1.4477 Acc: 43.75%
2025-12-14 10:35:42,875 - INFO - Epoch [13/200] Train Loss: 1.3509 Acc: 31.76% | Val Loss: 1.3861 Acc: 43.75%
2025-12-14 10:35:42,937 - INFO - Epoch [14/200] Train Loss: 1.3064 Acc: 38.04% | Val Loss: 1.3371 Acc: 45.31%
2025-12-14 10:35:42,941 - INFO -  > Best model saved (1.3371).
2025-12-14 10:35:43,005 - INFO - Epoch [15/200] Train Loss: 1.3773 Acc: 30.98% | Val Loss: 1.4029 Acc: 29.69%
2025-12-14 10:35:43,067 - INFO - Epoch [16/200] Train Loss: 1.3191 Acc: 36.08% | Val Loss: 1.3853 Acc: 35.94%
2025-12-14 10:35:43,130 - INFO - Epoch [17/200] Train Loss: 1.2972 Acc: 36.86% | Val Loss: 1.3935 Acc: 43.75%
2025-12-14 10:35:43,194 - INFO - Epoch [18/200] Train Loss: 1.3096 Acc: 39.61% | Val Loss: 1.4072 Acc: 35.94%
2025-12-14 10:35:43,270 - INFO - Epoch [19/200] Train Loss: 1.3356 Acc: 40.00% | Val Loss: 1.3809 Acc: 45.31%
2025-12-14 10:35:43,341 - INFO - Epoch [20/200] Train Loss: 1.2741 Acc: 40.00% | Val Loss: 1.4951 Acc: 17.19%
2025-12-14 10:35:43,425 - INFO - Epoch [21/200] Train Loss: 1.2475 Acc: 39.61% | Val Loss: 1.4903 Acc: 20.31%
2025-12-14 10:35:43,530 - INFO - Epoch [22/200] Train Loss: 1.2249 Acc: 44.31% | Val Loss: 1.4593 Acc: 20.31%
2025-12-14 10:35:43,602 - INFO - Epoch [23/200] Train Loss: 1.2564 Acc: 41.57% | Val Loss: 1.5632 Acc: 40.62%
2025-12-14 10:35:43,671 - INFO - Epoch [24/200] Train Loss: 1.2683 Acc: 40.39% | Val Loss: 1.5023 Acc: 32.81%
2025-12-14 10:35:43,737 - INFO - Epoch [25/200] Train Loss: 1.2164 Acc: 49.02% | Val Loss: 1.3598 Acc: 29.69%
2025-12-14 10:35:43,805 - INFO - Epoch [26/200] Train Loss: 1.1714 Acc: 44.71% | Val Loss: 1.4069 Acc: 28.12%
2025-12-14 10:35:43,871 - INFO - Epoch [27/200] Train Loss: 1.1676 Acc: 46.67% | Val Loss: 1.3152 Acc: 32.81%
2025-12-14 10:35:43,874 - INFO -  > Best model saved (1.3152).
2025-12-14 10:35:43,939 - INFO - Epoch [28/200] Train Loss: 1.1287 Acc: 49.02% | Val Loss: 1.3571 Acc: 21.88%
2025-12-14 10:35:44,000 - INFO - Epoch [29/200] Train Loss: 1.1280 Acc: 50.59% | Val Loss: 1.3979 Acc: 21.88%
2025-12-14 10:35:44,062 - INFO - Epoch [30/200] Train Loss: 1.1210 Acc: 47.84% | Val Loss: 1.3659 Acc: 25.00%
2025-12-14 10:35:44,125 - INFO - Epoch [31/200] Train Loss: 1.0890 Acc: 52.16% | Val Loss: 1.4977 Acc: 23.44%
2025-12-14 10:35:44,188 - INFO - Epoch [32/200] Train Loss: 1.0593 Acc: 53.73% | Val Loss: 1.4266 Acc: 53.12%
2025-12-14 10:35:44,249 - INFO - Epoch [33/200] Train Loss: 1.0770 Acc: 50.98% | Val Loss: 1.3982 Acc: 42.19%
2025-12-14 10:35:44,311 - INFO - Epoch [34/200] Train Loss: 1.1554 Acc: 45.49% | Val Loss: 1.4828 Acc: 29.69%
2025-12-14 10:35:44,370 - INFO - Epoch [35/200] Train Loss: 1.0851 Acc: 50.98% | Val Loss: 1.4805 Acc: 32.81%
2025-12-14 10:35:44,431 - INFO - Epoch [36/200] Train Loss: 1.0446 Acc: 50.20% | Val Loss: 1.5592 Acc: 28.12%
2025-12-14 10:35:44,493 - INFO - Epoch [37/200] Train Loss: 1.0898 Acc: 51.37% | Val Loss: 1.4875 Acc: 23.44%
2025-12-14 10:35:44,553 - INFO - Epoch [38/200] Train Loss: 1.0436 Acc: 49.41% | Val Loss: 1.8886 Acc: 28.12%
2025-12-14 10:35:44,613 - INFO - Epoch [39/200] Train Loss: 1.0401 Acc: 50.98% | Val Loss: 1.3735 Acc: 40.62%
2025-12-14 10:35:44,677 - INFO - Epoch [40/200] Train Loss: 1.0384 Acc: 53.73% | Val Loss: 1.3388 Acc: 45.31%
2025-12-14 10:35:44,740 - INFO - Epoch [41/200] Train Loss: 0.9956 Acc: 55.69% | Val Loss: 1.3013 Acc: 34.38%
2025-12-14 10:35:44,743 - INFO -  > Best model saved (1.3013).
2025-12-14 10:35:44,804 - INFO - Epoch [42/200] Train Loss: 0.9916 Acc: 54.12% | Val Loss: 1.3427 Acc: 39.06%
2025-12-14 10:35:44,866 - INFO - Epoch [43/200] Train Loss: 0.9698 Acc: 58.82% | Val Loss: 1.4678 Acc: 34.38%
2025-12-14 10:35:44,929 - INFO - Epoch [44/200] Train Loss: 0.9921 Acc: 57.65% | Val Loss: 1.6600 Acc: 28.12%
2025-12-14 10:35:44,994 - INFO - Epoch [45/200] Train Loss: 0.9783 Acc: 59.61% | Val Loss: 1.3993 Acc: 37.50%
2025-12-14 10:35:45,054 - INFO - Epoch [46/200] Train Loss: 0.9806 Acc: 55.69% | Val Loss: 1.3400 Acc: 35.94%
2025-12-14 10:35:45,115 - INFO - Epoch [47/200] Train Loss: 1.0134 Acc: 52.94% | Val Loss: 1.4162 Acc: 31.25%
2025-12-14 10:35:45,176 - INFO - Epoch [48/200] Train Loss: 0.9892 Acc: 58.43% | Val Loss: 1.3322 Acc: 37.50%
2025-12-14 10:35:45,237 - INFO - Epoch [49/200] Train Loss: 0.9401 Acc: 63.92% | Val Loss: 1.3522 Acc: 42.19%
2025-12-14 10:35:45,301 - INFO - Epoch [50/200] Train Loss: 0.9328 Acc: 60.78% | Val Loss: 1.3673 Acc: 39.06%
2025-12-14 10:35:45,364 - INFO - Epoch [51/200] Train Loss: 1.0052 Acc: 60.00% | Val Loss: 1.3300 Acc: 42.19%
2025-12-14 10:35:45,425 - INFO - Epoch [52/200] Train Loss: 0.9740 Acc: 59.22% | Val Loss: 1.3283 Acc: 45.31%
2025-12-14 10:35:45,488 - INFO - Epoch [53/200] Train Loss: 0.9455 Acc: 60.78% | Val Loss: 1.2999 Acc: 40.62%
2025-12-14 10:35:45,491 - INFO -  > Best model saved (1.2999).
2025-12-14 10:35:45,554 - INFO - Epoch [54/200] Train Loss: 0.9187 Acc: 59.61% | Val Loss: 1.4367 Acc: 28.12%
2025-12-14 10:35:45,618 - INFO - Epoch [55/200] Train Loss: 0.9151 Acc: 62.75% | Val Loss: 1.3723 Acc: 37.50%
2025-12-14 10:35:45,680 - INFO - Epoch [56/200] Train Loss: 0.9125 Acc: 59.22% | Val Loss: 1.2836 Acc: 43.75%
2025-12-14 10:35:45,683 - INFO -  > Best model saved (1.2836).
2025-12-14 10:35:45,751 - INFO - Epoch [57/200] Train Loss: 0.9661 Acc: 58.82% | Val Loss: 1.3706 Acc: 40.62%
2025-12-14 10:35:45,810 - INFO - Epoch [58/200] Train Loss: 0.9546 Acc: 58.43% | Val Loss: 1.4490 Acc: 34.38%
2025-12-14 10:35:45,873 - INFO - Epoch [59/200] Train Loss: 0.9599 Acc: 59.22% | Val Loss: 1.4307 Acc: 34.38%
2025-12-14 10:35:45,937 - INFO - Epoch [60/200] Train Loss: 0.9188 Acc: 60.39% | Val Loss: 1.4921 Acc: 31.25%
2025-12-14 10:35:45,998 - INFO - Epoch [61/200] Train Loss: 0.9362 Acc: 58.43% | Val Loss: 1.3988 Acc: 42.19%
2025-12-14 10:35:46,078 - INFO - Epoch [62/200] Train Loss: 0.8762 Acc: 60.78% | Val Loss: 1.3266 Acc: 40.62%
2025-12-14 10:35:46,144 - INFO - Epoch [63/200] Train Loss: 0.9316 Acc: 60.78% | Val Loss: 1.3036 Acc: 45.31%
2025-12-14 10:35:46,210 - INFO - Epoch [64/200] Train Loss: 0.9338 Acc: 59.61% | Val Loss: 1.3685 Acc: 35.94%
2025-12-14 10:35:46,275 - INFO - Epoch [65/200] Train Loss: 0.8727 Acc: 62.75% | Val Loss: 1.3321 Acc: 42.19%
2025-12-14 10:35:46,336 - INFO - Epoch [66/200] Train Loss: 0.8998 Acc: 60.00% | Val Loss: 1.3694 Acc: 35.94%
2025-12-14 10:35:46,397 - INFO - Epoch [67/200] Train Loss: 0.9229 Acc: 61.57% | Val Loss: 1.4503 Acc: 29.69%
2025-12-14 10:35:46,457 - INFO - Epoch [68/200] Train Loss: 0.9207 Acc: 58.82% | Val Loss: 1.5223 Acc: 23.44%
2025-12-14 10:35:46,517 - INFO - Epoch [69/200] Train Loss: 0.8935 Acc: 58.04% | Val Loss: 1.4089 Acc: 39.06%
2025-12-14 10:35:46,578 - INFO - Epoch [70/200] Train Loss: 0.9105 Acc: 61.96% | Val Loss: 1.3975 Acc: 37.50%
2025-12-14 10:35:46,639 - INFO - Epoch [71/200] Train Loss: 0.8314 Acc: 66.27% | Val Loss: 1.3776 Acc: 39.06%
2025-12-14 10:35:46,699 - INFO - Epoch [72/200] Train Loss: 0.8723 Acc: 59.22% | Val Loss: 1.3160 Acc: 45.31%
2025-12-14 10:35:46,772 - INFO - Epoch [73/200] Train Loss: 0.8724 Acc: 60.00% | Val Loss: 1.3636 Acc: 42.19%
2025-12-14 10:35:46,851 - INFO - Epoch [74/200] Train Loss: 0.8846 Acc: 61.96% | Val Loss: 1.3738 Acc: 42.19%
2025-12-14 10:35:46,926 - INFO - Epoch [75/200] Train Loss: 0.9226 Acc: 58.43% | Val Loss: 1.3969 Acc: 40.62%
2025-12-14 10:35:47,002 - INFO - Epoch [76/200] Train Loss: 0.8709 Acc: 60.39% | Val Loss: 1.3655 Acc: 39.06%
2025-12-14 10:35:47,067 - INFO - Epoch [77/200] Train Loss: 0.8588 Acc: 63.53% | Val Loss: 1.3191 Acc: 43.75%
2025-12-14 10:35:47,129 - INFO - Epoch [78/200] Train Loss: 0.8417 Acc: 66.27% | Val Loss: 1.3620 Acc: 39.06%
2025-12-14 10:35:47,191 - INFO - Epoch [79/200] Train Loss: 0.9484 Acc: 59.22% | Val Loss: 1.3865 Acc: 40.62%
2025-12-14 10:35:47,251 - INFO - Epoch [80/200] Train Loss: 0.8769 Acc: 64.31% | Val Loss: 1.3655 Acc: 39.06%
2025-12-14 10:35:47,311 - INFO - Epoch [81/200] Train Loss: 0.9273 Acc: 58.04% | Val Loss: 1.3751 Acc: 43.75%
2025-12-14 10:35:47,369 - INFO - Epoch [82/200] Train Loss: 0.8401 Acc: 65.49% | Val Loss: 1.3730 Acc: 43.75%
2025-12-14 10:35:47,430 - INFO - Epoch [83/200] Train Loss: 0.8803 Acc: 68.24% | Val Loss: 1.3819 Acc: 40.62%
2025-12-14 10:35:47,497 - INFO - Epoch [84/200] Train Loss: 0.8791 Acc: 64.71% | Val Loss: 1.3972 Acc: 40.62%
2025-12-14 10:35:47,558 - INFO - Epoch [85/200] Train Loss: 0.8262 Acc: 63.14% | Val Loss: 1.4151 Acc: 35.94%
2025-12-14 10:35:47,620 - INFO - Epoch [86/200] Train Loss: 0.8917 Acc: 63.14% | Val Loss: 1.3952 Acc: 37.50%
2025-12-14 10:35:47,685 - INFO - Epoch [87/200] Train Loss: 0.8684 Acc: 63.53% | Val Loss: 1.3974 Acc: 35.94%
2025-12-14 10:35:47,746 - INFO - Epoch [88/200] Train Loss: 0.8677 Acc: 60.39% | Val Loss: 1.3705 Acc: 39.06%
2025-12-14 10:35:47,832 - INFO - Epoch [89/200] Train Loss: 0.8445 Acc: 69.80% | Val Loss: 1.3898 Acc: 34.38%
2025-12-14 10:35:47,914 - INFO - Epoch [90/200] Train Loss: 0.9086 Acc: 57.65% | Val Loss: 1.4050 Acc: 37.50%
2025-12-14 10:35:47,975 - INFO - Epoch [91/200] Train Loss: 0.9057 Acc: 61.57% | Val Loss: 1.3908 Acc: 39.06%
2025-12-14 10:35:48,037 - INFO - Epoch [92/200] Train Loss: 0.9598 Acc: 58.04% | Val Loss: 1.3790 Acc: 39.06%
2025-12-14 10:35:48,097 - INFO - Epoch [93/200] Train Loss: 0.8444 Acc: 63.53% | Val Loss: 1.3887 Acc: 39.06%
2025-12-14 10:35:48,158 - INFO - Epoch [94/200] Train Loss: 0.8610 Acc: 65.88% | Val Loss: 1.3706 Acc: 39.06%
2025-12-14 10:35:48,217 - INFO - Epoch [95/200] Train Loss: 0.9136 Acc: 58.04% | Val Loss: 1.3884 Acc: 39.06%
2025-12-14 10:35:48,275 - INFO - Epoch [96/200] Train Loss: 0.8708 Acc: 64.31% | Val Loss: 1.4025 Acc: 35.94%
2025-12-14 10:35:48,276 - INFO - Early stopping triggered.
2025-12-14 10:35:48,276 - INFO - Training phase finished.
2025-12-14 10:35:48,300 - INFO - Model save path: model.pth
Running model evaluation...
2025-12-14 10:35:50,467 - INFO - ==================================================
2025-12-14 10:35:50,467 - INFO - FINAL EVALUATION ON TEST SET
2025-12-14 10:35:50,467 - INFO - ==================================================
2025-12-14 10:35:51,218 - INFO - Model loaded from model.pth
2025-12-14 10:35:51,375 - INFO - Final Accuracy: 62.38%
2025-12-14 10:35:51,376 - INFO - Weighted F1-Score: 0.6225
2025-12-14 10:35:51,376 - INFO - Mean Absolute Error: 0.6144
2025-12-14 10:35:51,379 - INFO -
Detailed Classification Report:
              precision    recall  f1-score   support

 Bull Normal       0.91      0.41      0.56        79
Bull Pennant       0.45      0.67      0.54        30
  Bull Wedge       0.53      0.70      0.60        46
 Bear Normal       0.71      0.74      0.73        88
Bear Pennant       0.47      0.77      0.59        31
  Bear Wedge       0.68      0.58      0.63        45

    accuracy                           0.62       319
   macro avg       0.63      0.64      0.61       319
weighted avg       0.69      0.62      0.62       319

2025-12-14 10:35:51,499 - INFO - Final metrics saved to /app/output/final_metrics.txt
2025-12-14 10:35:51,524 - INFO - Confusion matrix saved to /app/output/confusion_matrix.png
Running model inference...
2025-12-14 10:35:53,329 - INFO - ==================================================
2025-12-14 10:35:53,329 - INFO - STARTING INFERENCE
2025-12-14 10:35:53,329 - INFO - ==================================================
2025-12-14 10:35:54,045 - INFO - Model loaded successfully from model.pth
2025-12-14 10:35:54,050 - INFO - Found 10 files to process.

FILENAME                       | PREDICTION      | CONFIDENCE
-----------------------------------------------------------------
EURUSD_1H_003.csv              | Bear Pennant    | 66.08%
EURUSD_1H_007.csv              | Bull Wedge      | 59.99%
EURUSD_1H_013.csv              | Bear Normal     | 41.94%
EURUSD_1H_019.csv              | Bull Pennant    | 64.62%
EURUSD_1H_027.csv              | Bear Pennant    | 40.67%
EURUSD_1H_036.csv              | Bear Pennant    | 51.22%
EURUSD_1H_039.csv              | Bull Pennant    | 34.72%
EURUSD_1H_047.csv              | Bear Pennant    | 47.22%
EURUSD_1H_054.csv              | Bear Normal     | 68.71%
EURUSD_1H_058.csv              | Bear Pennant    | 50.21%
2025-12-14 10:35:54,268 - INFO - Inference complete.
2025-12-14 10:35:54,271 - INFO - Results saved to /app/output/inference_results.csv
Running baseline comparison...
2025-12-14 10:35:56,341 - INFO - --- Baseline (Heuristic) vs Deep Learning Comparison ---
2025-12-14 10:35:56,348 - INFO - Running Heuristic Baseline Model...
2025-12-14 10:35:57,135 - INFO - Loading DL model from model.pth...

============================================================
BASELINE HEURISTIC REPORT (Accuracy: 26.02%)
============================================================
              precision    recall  f1-score   support

 Bull Normal       0.50      0.20      0.29        79
Bull Pennant       0.17      0.47      0.25        30
  Bull Wedge       0.22      0.17      0.19        46
 Bear Normal       0.44      0.18      0.26        88
Bear Pennant       0.14      0.39      0.20        31
  Bear Wedge       0.40      0.38      0.39        45

    accuracy                           0.26       319
   macro avg       0.31      0.30      0.26       319
weighted avg       0.36      0.26      0.27       319

2025-12-14 10:35:57,325 - INFO - Baseline metrics saved to /app/output/baseline_metrics.txt
2025-12-14 10:35:57,478 - INFO - Baseline Confusion Matrix saved to /app/output/baseline_confusion_matrix.png
------------------------------------------------------------

============================================================
DEEP LEARNING MODEL IMPROVEMENT: +36.36%
============================================================

Correct Predictions per Class (Baseline vs DL):
  Bull Normal    : 16 vs 32
  Bull Pennant   : 14 vs 20
  Bull Wedge     : 8 vs 32
  Bear Normal    : 16 vs 65
  Bear Pennant   : 12 vs 24
  Bear Wedge     : 17 vs 26
[run.sh] Pipeline finished at 2025-12-14T10:35:57+00:00